<?xml version="1.0" encoding="UTF-8"?>
<!-- Generated by org.testng.reporters.JUnitReportReporter -->
<testsuite skipped="0" hostname="Vijay-PC" name="com.test.LoginTest" tests="1" failures="0" timestamp="13 Sep 2020 12:10:36 GMT" time="9.026" errors="0">
  <testcase name="test01" time="9.026" classname="com.test.LoginTest"/>
</testsuite> <!-- com.test.LoginTest -->
