<?xml version="1.0" encoding="UTF-8"?>
<!-- Generated by org.testng.reporters.JUnitReportReporter -->
<testsuite skipped="0" hostname="Vijay-PC" name="com.test.SampleTest" tests="2" failures="0" timestamp="12 Sep 2020 17:53:00 GMT" time="0.027" errors="0">
  <testcase name="test02" time="0.003" classname="com.test.SampleTest"/>
  <testcase name="test01" time="0.024" classname="com.test.SampleTest"/>
</testsuite> <!-- com.test.SampleTest -->
