<?xml version="1.0" encoding="UTF-8"?>
<!-- Generated by org.testng.reporters.JUnitReportReporter -->
<testsuite skipped="0" hostname="Vijay-PC" name="com.test.LoginTest" tests="1" failures="0" timestamp="13 Sep 2020 15:13:06 GMT" time="5.282" errors="0">
  <testcase name="test01" time="5.282" classname="com.test.LoginTest"/>
</testsuite> <!-- com.test.LoginTest -->
